<?xml version="1.0" encoding="UTF-8"?>
<!-- Generated by org.testng.reporters.JUnitXMLReporter -->
<testsuite ignored="0" hostname="LAPTOP-4S1GC75Q" failures="0" tests="3" name="Registration" time="0.423" errors="0" timestamp="2023-04-09T22:03:14 IST">
  <testcase classname="com.RegistrationTest.Registationtest" name="@BeforeMethod setup" time="0.281">
    <failure type="java.lang.IllegalStateException" message="The driver executable does not exist: D:\Browser drivers\chromedriver_win32 98\chromedriver.exe">
      <![CDATA[java.lang.IllegalStateException: The driver executable does not exist: D:\Browser drivers\chromedriver_win32 98\chromedriver.exe
at com.google.common.base.Preconditions.checkState(Preconditions.java:585)
at org.openqa.selenium.remote.service.DriverService.checkExecutable(DriverService.java:146)
at org.openqa.selenium.remote.service.DriverService.findExecutable(DriverService.java:141)
at org.openqa.selenium.chrome.ChromeDriverService.access$000(ChromeDriverService.java:35)
at org.openqa.selenium.chrome.ChromeDriverService$Builder.findDefaultExecutable(ChromeDriverService.java:159)
at org.openqa.selenium.remote.service.DriverService$Builder.build(DriverService.java:355)
at org.openqa.selenium.chrome.ChromeDriverService.createDefaultService(ChromeDriverService.java:94)
at org.openqa.selenium.chrome.ChromeDriver.<init>(ChromeDriver.java:123)
at com.BasePages.TestBase.initialization(TestBase.java:42)
at com.RegistrationTest.Registationtest.setup(Registationtest.java:21)
at java.base/java.util.ArrayList.forEach(ArrayList.java:1541)
... Removed 31 stack frames]]>
    </failure>
  </testcase> <!-- @BeforeMethod setup -->
  <testcase classname="com.RegistrationTest.Registationtest" name="@AfterMethod Aftermethod" time="-1.681057993776E9">
    <skipped/>
  </testcase> <!-- @AfterMethod Aftermethod -->
  <testcase classname="com.RegistrationTest.Registationtest" name="@BeforeMethod setup" time="-1.681057993779E9">
    <skipped/>
  </testcase> <!-- @BeforeMethod setup -->
  <testcase classname="com.RegistrationTest.Registationtest" name="@AfterMethod Aftermethod" time="-1.681057993786E9">
    <skipped/>
  </testcase> <!-- @AfterMethod Aftermethod -->
  <testcase classname="com.PractoAnsTest.DropdownTest" name="@BeforeMethod setup" time="0.013">
    <failure type="java.lang.IllegalStateException" message="The driver executable does not exist: D:\Browser drivers\chromedriver_win32 98\chromedriver.exe">
      <![CDATA[java.lang.IllegalStateException: The driver executable does not exist: D:\Browser drivers\chromedriver_win32 98\chromedriver.exe
at com.google.common.base.Preconditions.checkState(Preconditions.java:585)
at org.openqa.selenium.remote.service.DriverService.checkExecutable(DriverService.java:146)
at org.openqa.selenium.remote.service.DriverService.findExecutable(DriverService.java:141)
at org.openqa.selenium.chrome.ChromeDriverService.access$000(ChromeDriverService.java:35)
at org.openqa.selenium.chrome.ChromeDriverService$Builder.findDefaultExecutable(ChromeDriverService.java:159)
at org.openqa.selenium.remote.service.DriverService$Builder.build(DriverService.java:355)
at org.openqa.selenium.chrome.ChromeDriverService.createDefaultService(ChromeDriverService.java:94)
at org.openqa.selenium.chrome.ChromeDriver.<init>(ChromeDriver.java:123)
at com.BasePages.TestBase.initialization(TestBase.java:42)
at com.PractoAnsTest.DropdownTest.setup(DropdownTest.java:19)
at java.base/java.util.ArrayList.forEach(ArrayList.java:1541)
... Removed 31 stack frames]]>
    </failure>
  </testcase> <!-- @BeforeMethod setup -->
  <testcase classname="com.RegistrationTest.Registationtest" name="Regtext" time="0.0">
    <skipped/>
  </testcase> <!-- Regtext -->
  <testcase classname="com.RegistrationTest.Registationtest" name="regtext" time="0.0">
    <skipped/>
  </testcase> <!-- regtext -->
  <testcase classname="com.PractoAnsTest.DropdownTest" name="register" time="0.0">
    <skipped/>
  </testcase> <!-- register -->
</testsuite> <!-- Registration -->
